2026-01-22 14:26:42.068 [http-nio-8080-exec-2] INFO  c.a.d.controllers.EmailController - [API_REQUEST] endpoint=/emails/thread/body threadId=19be4bdc7bde9f90
2026-01-22 14:26:42.125 [http-nio-8080-exec-2] WARN  c.a.d.controllers.EmailController - [API_RESPONSE] endpoint=/emails/thread/body threadId=19be4bdc7bde9f90 status=NOT_FOUND
2026-01-22 14:26:54.714 [http-nio-8080-exec-4] INFO  c.a.d.controllers.EmailController - [API_REQUEST] endpoint=/emails/draft/reply threadId=19be4bdc7bde9f90
2026-01-22 14:27:04.411 [http-nio-8080-exec-4] INFO  c.a.d.controllers.EmailController - [API_RESPONSE] endpoint=/emails/draft/reply threadId=19be4bdc7bde9f90 status=DRAFT_CREATED
2026-01-22 14:27:10.740 [http-nio-8080-exec-6] INFO  c.a.d.controllers.EmailController - [API_REQUEST] endpoint=/emails/draft/reply/regenerate threadId=19be4bdc7bde9f90
2026-01-22 14:27:18.712 [http-nio-8080-exec-6] INFO  c.a.d.controllers.EmailController - [API_RESPONSE] endpoint=/emails/draft/reply/regenerate threadId=19be4bdc7bde9f90 status=DRAFT_CREATED draftId=r5296629903041953695
2026-01-22 22:39:35.492 [http-nio-8080-exec-7] INFO  c.a.d.controllers.EmailController - [API_REQUEST] endpoint=/emails/thread/body threadId=19be6ace2ff1be18
2026-01-22 22:39:35.512 [http-nio-8080-exec-7] WARN  c.a.d.controllers.EmailController - [API_RESPONSE] endpoint=/emails/thread/body threadId=19be6ace2ff1be18 status=NOT_FOUND
2026-01-22 22:39:56.611 [http-nio-8080-exec-3] INFO  c.a.d.controllers.EmailController - [API_REQUEST] endpoint=/emails/draft/reply threadId=19be6ace2ff1be18
2026-01-22 22:40:43.067 [http-nio-8080-exec-3] INFO  c.a.d.controllers.EmailController - [API_RESPONSE] endpoint=/emails/draft/reply threadId=19be6ace2ff1be18 status=DRAFT_CREATED
2026-01-22 22:46:28.091 [http-nio-8080-exec-2] INFO  c.a.d.controllers.EmailController - [API_REQUEST] endpoint=/emails/draft/reply/regenerate threadId=19be6ace2ff1be18
2026-01-22 22:46:38.098 [http-nio-8080-exec-2] INFO  c.a.d.controllers.EmailController - [API_RESPONSE] endpoint=/emails/draft/reply/regenerate threadId=19be6ace2ff1be18 status=DRAFT_CREATED draftId=r-7115979942982258747
2026-01-22 22:47:16.196 [http-nio-8080-exec-5] INFO  c.a.d.controllers.EmailController - [API_REQUEST] endpoint=/emails/thread/reject threadId=19be6ace2ff1be18
2026-01-22 22:47:16.678 [http-nio-8080-exec-5] INFO  c.a.d.controllers.EmailController - [API_RESPONSE] endpoint=/emails/thread/reject threadId=19be6ace2ff1be18 status=SUCCESS statusCode=200
2026-01-22 22:47:26.238 [http-nio-8080-exec-4] INFO  c.a.d.controllers.EmailController - [API_REQUEST] endpoint=/emails/thread/body threadId=19be6ace2ff1be18
2026-01-22 22:47:26.245 [http-nio-8080-exec-4] WARN  c.a.d.controllers.EmailController - [API_RESPONSE] endpoint=/emails/thread/body threadId=19be6ace2ff1be18 status=NOT_FOUND
2026-01-22 22:47:29.361 [http-nio-8080-exec-8] INFO  c.a.d.controllers.EmailController - [API_REQUEST] endpoint=/emails/draft/reply threadId=19be6ace2ff1be18
2026-01-22 22:47:36.242 [http-nio-8080-exec-8] INFO  c.a.d.controllers.EmailController - [API_RESPONSE] endpoint=/emails/draft/reply threadId=19be6ace2ff1be18 status=DRAFT_CREATED
2026-01-22 22:47:56.789 [http-nio-8080-exec-10] INFO  c.a.d.controllers.EmailController - [API_REQUEST] endpoint=/emails/thread/body threadId=19be63def475e4d2
2026-01-22 22:47:56.793 [http-nio-8080-exec-10] WARN  c.a.d.controllers.EmailController - [API_RESPONSE] endpoint=/emails/thread/body threadId=19be63def475e4d2 status=NOT_FOUND
2026-01-22 22:48:06.296 [http-nio-8080-exec-2] INFO  c.a.d.controllers.EmailController - [API_REQUEST] endpoint=/emails/draft/reply threadId=19be63def475e4d2
2026-01-22 22:48:06.300 [http-nio-8080-exec-2] INFO  c.a.d.controllers.EmailController - [API_RESPONSE] endpoint=/emails/draft/reply threadId=19be63def475e4d2 status=NO_REPLY_REQUIRED
