2026-01-22 14:19:59.338 [http-nio-8080-exec-5] INFO  c.a.draftly.integrations.GmailClient - Fetching inbox message IDs from Gmail API...
2026-01-22 14:19:59.754 [http-nio-8080-exec-5] INFO  c.a.draftly.integrations.GmailClient - Gmail API response status: 200 OK
2026-01-22 14:20:03.756 [http-nio-8080-exec-6] INFO  c.a.draftly.integrations.GmailClient - Fetching inbox message IDs from Gmail API...
2026-01-22 14:20:04.096 [http-nio-8080-exec-6] INFO  c.a.draftly.integrations.GmailClient - Gmail API response status: 200 OK
2026-01-22 14:27:04.365 [http-nio-8080-exec-4] INFO  c.a.draftly.integrations.GmailClient - [GMAIL_OPERATION] operation=createReplyDraft threadId=19be4bdc7bde9f90 draftId=r5296629903041953695 statusCode=200 OK
2026-01-22 14:27:18.685 [http-nio-8080-exec-6] INFO  c.a.draftly.integrations.GmailClient - [GMAIL_OPERATION] operation=updateReplyDraft draftId=r5296629903041953695 threadId=19be4bdc7bde9f90 statusCode=200 OK
2026-01-22 22:36:24.661 [http-nio-8080-exec-2] INFO  c.a.draftly.integrations.GmailClient - Fetching inbox message IDs from Gmail API...
2026-01-22 22:36:25.377 [http-nio-8080-exec-2] INFO  c.a.draftly.integrations.GmailClient - Gmail API response status: 200 OK
2026-01-22 22:36:29.390 [http-nio-8080-exec-4] INFO  c.a.draftly.integrations.GmailClient - Fetching inbox message IDs from Gmail API...
2026-01-22 22:36:29.755 [http-nio-8080-exec-4] INFO  c.a.draftly.integrations.GmailClient - Gmail API response status: 200 OK
2026-01-22 22:37:27.179 [http-nio-8080-exec-9] INFO  c.a.draftly.integrations.GmailClient - Fetching inbox message IDs from Gmail API...
2026-01-22 22:37:27.979 [http-nio-8080-exec-9] INFO  c.a.draftly.integrations.GmailClient - Gmail API response status: 200 OK
2026-01-22 22:37:47.184 [http-nio-8080-exec-10] INFO  c.a.draftly.integrations.GmailClient - Fetching inbox message IDs from Gmail API...
2026-01-22 22:37:48.323 [http-nio-8080-exec-10] INFO  c.a.draftly.integrations.GmailClient - Gmail API response status: 200 OK
2026-01-22 22:38:13.642 [http-nio-8080-exec-2] INFO  c.a.draftly.integrations.GmailClient - Fetching inbox message IDs from Gmail API...
2026-01-22 22:38:14.431 [http-nio-8080-exec-2] INFO  c.a.draftly.integrations.GmailClient - Gmail API response status: 200 OK
2026-01-22 22:38:33.876 [http-nio-8080-exec-6] INFO  c.a.draftly.integrations.GmailClient - Fetching inbox message IDs from Gmail API...
2026-01-22 22:38:34.405 [http-nio-8080-exec-6] INFO  c.a.draftly.integrations.GmailClient - Gmail API response status: 200 OK
2026-01-22 22:38:48.596 [http-nio-8080-exec-8] INFO  c.a.draftly.integrations.GmailClient - Fetching inbox message IDs from Gmail API...
2026-01-22 22:38:49.150 [http-nio-8080-exec-8] INFO  c.a.draftly.integrations.GmailClient - Gmail API response status: 200 OK
2026-01-22 22:39:17.239 [http-nio-8080-exec-5] INFO  c.a.draftly.integrations.GmailClient - Fetching inbox message IDs from Gmail API...
2026-01-22 22:39:17.657 [http-nio-8080-exec-5] INFO  c.a.draftly.integrations.GmailClient - Gmail API response status: 200 OK
2026-01-22 22:39:30.843 [http-nio-8080-exec-4] INFO  c.a.draftly.integrations.GmailClient - Fetching inbox message IDs from Gmail API...
2026-01-22 22:39:31.226 [http-nio-8080-exec-4] INFO  c.a.draftly.integrations.GmailClient - Gmail API response status: 200 OK
2026-01-22 22:40:43.023 [http-nio-8080-exec-3] INFO  c.a.draftly.integrations.GmailClient - [GMAIL_OPERATION] operation=createReplyDraft threadId=19be6ace2ff1be18 draftId=r-7115979942982258747 statusCode=200 OK
2026-01-22 22:46:38.042 [http-nio-8080-exec-2] INFO  c.a.draftly.integrations.GmailClient - [GMAIL_OPERATION] operation=updateReplyDraft draftId=r-7115979942982258747 threadId=19be6ace2ff1be18 statusCode=200 OK
2026-01-22 22:47:16.663 [http-nio-8080-exec-5] INFO  c.a.draftly.integrations.GmailClient - [GMAIL_OPERATION] operation=deleteDraft draftId=r-7115979942982258747 statusCode=200
2026-01-22 22:47:36.220 [http-nio-8080-exec-8] INFO  c.a.draftly.integrations.GmailClient - [GMAIL_OPERATION] operation=createReplyDraft threadId=19be6ace2ff1be18 draftId=r1527948548151648260 statusCode=200 OK
2026-01-22 23:04:01.763 [http-nio-8080-exec-3] INFO  c.a.draftly.integrations.GmailClient - Fetching inbox message IDs from Gmail API...
2026-01-22 23:04:02.576 [http-nio-8080-exec-3] INFO  c.a.draftly.integrations.GmailClient - Gmail API response status: 200 OK
2026-01-22 23:04:21.780 [http-nio-8080-exec-5] INFO  c.a.draftly.integrations.GmailClient - Fetching inbox message IDs from Gmail API...
2026-01-22 23:04:22.434 [http-nio-8080-exec-5] INFO  c.a.draftly.integrations.GmailClient - Gmail API response status: 200 OK
2026-01-22 23:15:21.629 [http-nio-8080-exec-9] INFO  c.a.draftly.integrations.GmailClient - Fetching inbox message IDs from Gmail API...
2026-01-22 23:15:22.293 [http-nio-8080-exec-9] INFO  c.a.draftly.integrations.GmailClient - Gmail API response status: 200 OK
2026-01-22 23:15:27.541 [http-nio-8080-exec-10] INFO  c.a.draftly.integrations.GmailClient - Fetching inbox message IDs from Gmail API...
2026-01-22 23:15:28.663 [http-nio-8080-exec-10] INFO  c.a.draftly.integrations.GmailClient - Gmail API response status: 200 OK
2026-01-22 23:15:53.880 [http-nio-8080-exec-2] INFO  c.a.draftly.integrations.GmailClient - [GMAIL_OPERATION] operation=createDraft to=yugansh524@gmail.com statusCode=200 OK
